[35m[Appium][39m Welcome to Appium v1.22.3
[35m[Appium][39m Non-default server args:
[35m[Appium][39m   port: 54262
[35m[Appium][39m   loglevel: info
[35m[Appium][39m   tmpDir: C:\Users\ANGGA\AppData\Local\Temp\\Katalon\Appium\Temp1688826030412
[35m[Appium][39m   chromedriverPort: 54263
[35m[Appium][39m Deprecated server args:
[35m[Appium][39m   [31m--chromedriver-port[39m => --default-capabilities
[35m[Appium][39m Default capabilities, which will be added to each request unless overridden by desired capabilities:
[35m[Appium][39m   chromedriverPort: 54263
[35m[Appium][39m Appium REST http interface listener started on 0.0.0.0:54262
[35m[HTTP][39m [37m-->[39m [37mGET[39m [37m/wd/hub/status[39m
[35m[HTTP][39m [90m{}[39m
[35m[HTTP][39m [37m<-- GET /wd/hub/status [39m[32m200[39m [90m5 ms - 68[39m
[35m[HTTP][39m [90m[39m
[35m[HTTP][39m [37m-->[39m [37mGET[39m [37m/wd/hub/status[39m
[35m[HTTP][39m [90m{}[39m
[35m[HTTP][39m [37m<-- GET /wd/hub/status [39m[32m200[39m [90m1 ms - 68[39m
[35m[HTTP][39m [90m[39m
[35m[HTTP][39m [37m-->[39m [37mPOST[39m [37m/wd/hub/session[39m
[35m[HTTP][39m [90m{"desiredCapabilities":{"appActivity":".Settings","appPackage":"com.android.settings","newCommandTimeout":1800,"platformVersion":"11","automationName":"uiautomator2","autoGrantPermissions":true,"platformName":"Android","udid":"D6IVIZINGAPZTKO7","deviceName":"OPPO CPH2269 (Android 11)","platform":"ANDROID","systemPort":8297},"capabilities":{"firstMatch":[{"appium:appActivity":".Settings","appium:appPackage":"com.android.settings","appium:autoGrantPermissions":true,"appium:automationName":"uiautomator2","appium:deviceName":"OPPO CPH2269 (Android 11)","appium:newCommandTimeout":1800,"platform":"ANDROID","platformName":"android","appium:platformVersion":"11","appium:systemPort":8297,"appium:udid":"D6IVIZINGAPZTKO7"}]}}[39m
[35m[BaseDriver][39m The following capabilities are not standard capabilities and should have an extension prefix:
[35m[BaseDriver][39m   platform
[35m[BaseDriver][39m   chromedriverPort
[35m[Appium][39m Appium v1.22.3 creating new AndroidUiautomator2Driver (v1.70.1) session
[35m[BaseDriver][39m The following capabilities were provided, but are not recognized by Appium:
[35m[BaseDriver][39m   platform
[35m[BaseDriver][39m Session created with session id: ea633538-091f-424b-9925-f8dceebff978
[35m[UiAutomator2][39m Starting 'com.android.settings' directly on the device
[35m[ADB][39m Found 1 'build-tools' folders under 'C:\Users\ANGGA\.katalon\tools\android_sdk' (newest first):
[35m[ADB][39m     C:/Users/ANGGA/.katalon/tools/android_sdk/build-tools/29.0.3
[35m[ADB][39m Using 'adb.exe' from 'C:\Users\ANGGA\.katalon\tools\android_sdk\platform-tools\adb.exe'
[35m[AndroidDriver][39m Retrieving device list
[35m[AndroidDriver][39m Using device: D6IVIZINGAPZTKO7
[35m[ADB][39m Using 'adb.exe' from 'C:\Users\ANGGA\.katalon\tools\android_sdk\platform-tools\adb.exe'
[35m[ADB][39m Getting device platform version
[35m[UiAutomator2][39m Relaxing hidden api policy
[35m[AndroidDriver][39m No app sent in, not parsing package/activity
[35m[ADB][39m Using 'apksigner.jar' from 'C:\Users\ANGGA\.katalon\tools\android_sdk\build-tools\29.0.3\lib\apksigner.jar'
[35m[ADB][39m 'C:\Users\ANGGA\AppData\Roaming\npm\node_modules\appium\node_modules\appium-uiautomator2-server\apks\appium-uiautomator2-server-v4.27.0.apk' is signed with the default certificate
[35m[ADB][39m 'C:\Users\ANGGA\AppData\Roaming\npm\node_modules\appium\node_modules\appium-uiautomator2-server\apks\appium-uiautomator2-server-debug-androidTest.apk' is signed with the default certificate
[35m[UiAutomator2][39m Server packages are not going to be (re)installed
[35m[ADB][39m Adding packages ["io.appium.settings","io.appium.uiautomator2.server","io.appium.uiautomator2.server.test"] to Doze whitelist
[35m[UiAutomator2][39m Starting UIAutomator2 server 4.27.0
[35m[UiAutomator2][39m Using UIAutomator2 server from 'C:\Users\ANGGA\AppData\Roaming\npm\node_modules\appium\node_modules\appium-uiautomator2-server\apks\appium-uiautomator2-server-v4.27.0.apk' and test from 'C:\Users\ANGGA\AppData\Roaming\npm\node_modules\appium\node_modules\appium-uiautomator2-server\apks\appium-uiautomator2-server-debug-androidTest.apk'
[35m[UiAutomator2][39m Waiting up to 30000ms for UiAutomator2 to be online...
[35m[WD Proxy][39m socket hang up
[35m[WD Proxy][39m socket hang up
[35m[WD Proxy][39m socket hang up
[35m[WD Proxy][39m socket hang up
[35m[WD Proxy][39m socket hang up
[35m[WD Proxy][39m Determined the downstream protocol as 'W3C'
[35m[AndroidDriver][39m Screen already unlocked, doing nothing
[35m[UiAutomator2][39m Starting 'com.android.settings/.Settings and waiting for 'com.android.settings/.Settings'
[35m[Appium][39m New AndroidUiautomator2Driver session created successfully, session ea633538-091f-424b-9925-f8dceebff978 added to master session list
[35m[HTTP][39m [37m<-- POST /wd/hub/session [39m[32m200[39m [90m13809 ms - 1164[39m
[35m[HTTP][39m [90m[39m
[35m[HTTP][39m [37m-->[39m [37mGET[39m [37m/wd/hub/session/ea633538-091f-424b-9925-f8dceebff978[39m
[35m[HTTP][39m [90m{}[39m
[35m[HTTP][39m [37m<-- GET /wd/hub/session/ea633538-091f-424b-9925-f8dceebff978 [39m[32m200[39m [90m15 ms - 1118[39m
[35m[HTTP][39m [90m[39m
[35m[HTTP][39m [37m-->[39m [37mGET[39m [37m/wd/hub/session/ea633538-091f-424b-9925-f8dceebff978[39m
[35m[HTTP][39m [90m{}[39m
[35m[HTTP][39m [37m<-- GET /wd/hub/session/ea633538-091f-424b-9925-f8dceebff978 [39m[32m200[39m [90m14 ms - 1118[39m
[35m[HTTP][39m [90m[39m
[35m[HTTP][39m [37m-->[39m [37mGET[39m [37m/wd/hub/status[39m
[35m[HTTP][39m [90m{}[39m
[35m[HTTP][39m [37m<-- GET /wd/hub/status [39m[32m200[39m [90m1 ms - 68[39m
[35m[HTTP][39m [90m[39m
[35m[HTTP][39m [37m-->[39m [37mPOST[39m [37m/wd/hub/session/ea633538-091f-424b-9925-f8dceebff978/timeouts[39m
[35m[HTTP][39m [90m{"implicit":60000}[39m
[35m[HTTP][39m [37m<-- POST /wd/hub/session/ea633538-091f-424b-9925-f8dceebff978/timeouts [39m[32m200[39m [90m2 ms - 14[39m
[35m[HTTP][39m [90m[39m
[35m[HTTP][39m [37m-->[39m [37mGET[39m [37m/wd/hub/session/ea633538-091f-424b-9925-f8dceebff978/screenshot[39m
[35m[HTTP][39m [90m{}[39m
[35m[HTTP][39m [37m<-- GET /wd/hub/session/ea633538-091f-424b-9925-f8dceebff978/screenshot [39m[32m200[39m [90m689 ms - 122022[39m
[35m[HTTP][39m [90m[39m
[35m[HTTP][39m [37m-->[39m [37mGET[39m [37m/wd/hub/session/ea633538-091f-424b-9925-f8dceebff978/window/rect[39m
[35m[HTTP][39m [90m{}[39m
[35m[HTTP][39m [37m<-- GET /wd/hub/session/ea633538-091f-424b-9925-f8dceebff978/window/rect [39m[32m200[39m [90m26 ms - 49[39m
[35m[HTTP][39m [90m[39m
[35m[HTTP][39m [37m-->[39m [37mGET[39m [37m/wd/hub/session/ea633538-091f-424b-9925-f8dceebff978/appium/device/system_bars[39m
[35m[HTTP][39m [90m{}[39m
[35m[HTTP][39m [37m<-- GET /wd/hub/session/ea633538-091f-424b-9925-f8dceebff978/appium/device/system_bars [39m[32m200[39m [90m190 ms - 145[39m
[35m[HTTP][39m [90m[39m
[35m[HTTP][39m [37m-->[39m [37mPOST[39m [37m/wd/hub/session/ea633538-091f-424b-9925-f8dceebff978/appium/device/activate_app[39m
[35m[HTTP][39m [90m{"bundleId":"com.fghilmany.dietmealapp"}[39m
[35m[HTTP][39m [37m<-- POST /wd/hub/session/ea633538-091f-424b-9925-f8dceebff978/appium/device/activate_app [39m[32m200[39m [90m912 ms - 14[39m
[35m[HTTP][39m [90m[39m
[35m[HTTP][39m [37m-->[39m [37mGET[39m [37m/wd/hub/session/ea633538-091f-424b-9925-f8dceebff978/source[39m
[35m[HTTP][39m [90m{}[39m
[35m[W3C (ea633538)][39m Driver proxy active, passing request on via HTTP proxy
[35m[WD Proxy][39m Replacing sessionId 629394db-9957-47bc-b2a6-d0d0d5e21fd2 with ea633538-091f-424b-9925-f8dceebff978
[35m[HTTP][39m [37m<-- GET /wd/hub/session/ea633538-091f-424b-9925-f8dceebff978/source [39m[32m200[39m [90m262 ms - 7831[39m
[35m[HTTP][39m [90m[39m
[35m[HTTP][39m [37m-->[39m [37mGET[39m [37m/wd/hub/session/ea633538-091f-424b-9925-f8dceebff978/screenshot[39m
[35m[HTTP][39m [90m{}[39m
[35m[HTTP][39m [37m<-- GET /wd/hub/session/ea633538-091f-424b-9925-f8dceebff978/screenshot [39m[32m200[39m [90m703 ms - 287734[39m
[35m[HTTP][39m [90m[39m
[35m[HTTP][39m [37m-->[39m [37mGET[39m [37m/wd/hub/session/ea633538-091f-424b-9925-f8dceebff978/source[39m
[35m[HTTP][39m [90m{}[39m
[35m[W3C (ea633538)][39m Driver proxy active, passing request on via HTTP proxy
[35m[WD Proxy][39m Replacing sessionId 629394db-9957-47bc-b2a6-d0d0d5e21fd2 with ea633538-091f-424b-9925-f8dceebff978
[35m[HTTP][39m [37m<-- GET /wd/hub/session/ea633538-091f-424b-9925-f8dceebff978/source [39m[32m200[39m [90m227 ms - 13056[39m
[35m[HTTP][39m [90m[39m
[35m[HTTP][39m [37m-->[39m [37mGET[39m [37m/wd/hub/session/ea633538-091f-424b-9925-f8dceebff978/screenshot[39m
[35m[HTTP][39m [90m{}[39m
[35m[HTTP][39m [37m<-- GET /wd/hub/session/ea633538-091f-424b-9925-f8dceebff978/screenshot [39m[32m200[39m [90m601 ms - 58582[39m
[35m[HTTP][39m [90m[39m
[35m[HTTP][39m [37m-->[39m [37mPOST[39m [37m/wd/hub/session/ea633538-091f-424b-9925-f8dceebff978/elements[39m
[35m[HTTP][39m [90m{"using":"xpath","value":"//*[@class = 'android.widget.EditText' and (@text = 'Name' or . = 'Name') and @resource-id = 'com.fghilmany.dietmealapp:id/et_name']"}[39m
[35m[HTTP][39m [37m<-- POST /wd/hub/session/ea633538-091f-424b-9925-f8dceebff978/elements [39m[32m200[39m [90m856 ms - 139[39m
[35m[HTTP][39m [90m[39m
[35m[HTTP][39m [37m-->[39m [37mGET[39m [37m/wd/hub/session/ea633538-091f-424b-9925-f8dceebff978/window/rect[39m
[35m[HTTP][39m [90m{}[39m
[35m[HTTP][39m [37m<-- GET /wd/hub/session/ea633538-091f-424b-9925-f8dceebff978/window/rect [39m[32m200[39m [90m21 ms - 49[39m
[35m[HTTP][39m [90m[39m
[35m[HTTP][39m [37m-->[39m [37mPOST[39m [37m/wd/hub/session/ea633538-091f-424b-9925-f8dceebff978/elements[39m
[35m[HTTP][39m [90m{"using":"xpath","value":"//*[@class = 'android.widget.EditText' and (@text = 'Name' or . = 'Name') and @resource-id = 'com.fghilmany.dietmealapp:id/et_name']"}[39m
[35m[HTTP][39m [37m<-- POST /wd/hub/session/ea633538-091f-424b-9925-f8dceebff978/elements [39m[32m200[39m [90m199 ms - 139[39m
[35m[HTTP][39m [90m[39m
[35m[HTTP][39m [37m-->[39m [37mGET[39m [37m/wd/hub/session/ea633538-091f-424b-9925-f8dceebff978/element/00000000-0000-01ca-ffff-ffff0000029a/location[39m
[35m[HTTP][39m [90m{}[39m
[35m[W3C (ea633538)][39m Driver proxy active, passing request on via HTTP proxy
[35m[WD Proxy][39m Replacing sessionId 629394db-9957-47bc-b2a6-d0d0d5e21fd2 with ea633538-091f-424b-9925-f8dceebff978
[35m[HTTP][39m [37m<-- GET /wd/hub/session/ea633538-091f-424b-9925-f8dceebff978/element/00000000-0000-01ca-ffff-ffff0000029a/location [39m[32m200[39m [90m35 ms - 77[39m
[35m[HTTP][39m [90m[39m
[35m[HTTP][39m [37m-->[39m [37mPOST[39m [37m/wd/hub/session/ea633538-091f-424b-9925-f8dceebff978/element/00000000-0000-01ca-ffff-ffff0000029a/clear[39m
[35m[HTTP][39m [90m{"id":"00000000-0000-01ca-ffff-ffff0000029a"}[39m
[35m[HTTP][39m [37m<-- POST /wd/hub/session/ea633538-091f-424b-9925-f8dceebff978/element/00000000-0000-01ca-ffff-ffff0000029a/clear [39m[32m200[39m [90m46 ms - 14[39m
[35m[HTTP][39m [90m[39m
[35m[HTTP][39m [37m-->[39m [37mPOST[39m [37m/wd/hub/session/ea633538-091f-424b-9925-f8dceebff978/element/00000000-0000-01ca-ffff-ffff0000029a/value[39m
[35m[HTTP][39m [90m{"id":"00000000-0000-01ca-ffff-ffff0000029a","text":"Angga","value":["A","n","g","g","a"]}[39m
[35m[HTTP][39m [37m<-- POST /wd/hub/session/ea633538-091f-424b-9925-f8dceebff978/element/00000000-0000-01ca-ffff-ffff0000029a/value [39m[32m200[39m [90m1067 ms - 14[39m
[35m[HTTP][39m [90m[39m
[35m[HTTP][39m [37m-->[39m [37mGET[39m [37m/wd/hub/session/ea633538-091f-424b-9925-f8dceebff978/source[39m
[35m[HTTP][39m [90m{}[39m
[35m[W3C (ea633538)][39m Driver proxy active, passing request on via HTTP proxy
[35m[WD Proxy][39m Replacing sessionId 629394db-9957-47bc-b2a6-d0d0d5e21fd2 with ea633538-091f-424b-9925-f8dceebff978
[35m[HTTP][39m [37m<-- GET /wd/hub/session/ea633538-091f-424b-9925-f8dceebff978/source [39m[32m200[39m [90m261 ms - 13057[39m
[35m[HTTP][39m [90m[39m
[35m[HTTP][39m [37m-->[39m [37mGET[39m [37m/wd/hub/session/ea633538-091f-424b-9925-f8dceebff978/screenshot[39m
[35m[HTTP][39m [90m{}[39m
[35m[HTTP][39m [37m<-- GET /wd/hub/session/ea633538-091f-424b-9925-f8dceebff978/screenshot [39m[32m200[39m [90m970 ms - 58582[39m
[35m[HTTP][39m [90m[39m
[35m[HTTP][39m [37m-->[39m [37mPOST[39m [37m/wd/hub/session/ea633538-091f-424b-9925-f8dceebff978/elements[39m
[35m[HTTP][39m [90m{"using":"xpath","value":"//*[@class = 'android.widget.EditText' and (@text = 'Weight' or . = 'Weight') and @resource-id = 'com.fghilmany.dietmealapp:id/et_weight']"}[39m
[35m[HTTP][39m [37m<-- POST /wd/hub/session/ea633538-091f-424b-9925-f8dceebff978/elements [39m[32m200[39m [90m255 ms - 139[39m
[35m[HTTP][39m [90m[39m
[35m[HTTP][39m [37m-->[39m [37mGET[39m [37m/wd/hub/session/ea633538-091f-424b-9925-f8dceebff978/window/rect[39m
[35m[HTTP][39m [90m{}[39m
[35m[HTTP][39m [37m<-- GET /wd/hub/session/ea633538-091f-424b-9925-f8dceebff978/window/rect [39m[32m200[39m [90m17 ms - 49[39m
[35m[HTTP][39m [90m[39m
[35m[HTTP][39m [37m-->[39m [37mPOST[39m [37m/wd/hub/session/ea633538-091f-424b-9925-f8dceebff978/elements[39m
[35m[HTTP][39m [90m{"using":"xpath","value":"//*[@class = 'android.widget.EditText' and (@text = 'Weight' or . = 'Weight') and @resource-id = 'com.fghilmany.dietmealapp:id/et_weight']"}[39m
[35m[HTTP][39m [37m<-- POST /wd/hub/session/ea633538-091f-424b-9925-f8dceebff978/elements [39m[32m200[39m [90m198 ms - 139[39m
[35m[HTTP][39m [90m[39m
[35m[HTTP][39m [37m-->[39m [37mGET[39m [37m/wd/hub/session/ea633538-091f-424b-9925-f8dceebff978/element/00000000-0000-01ca-ffff-ffff000002a6/location[39m
[35m[HTTP][39m [90m{}[39m
[35m[W3C (ea633538)][39m Driver proxy active, passing request on via HTTP proxy
[35m[WD Proxy][39m Replacing sessionId 629394db-9957-47bc-b2a6-d0d0d5e21fd2 with ea633538-091f-424b-9925-f8dceebff978
[35m[HTTP][39m [37m<-- GET /wd/hub/session/ea633538-091f-424b-9925-f8dceebff978/element/00000000-0000-01ca-ffff-ffff000002a6/location [39m[32m200[39m [90m32 ms - 77[39m
[35m[HTTP][39m [90m[39m
[35m[HTTP][39m [37m-->[39m [37mPOST[39m [37m/wd/hub/session/ea633538-091f-424b-9925-f8dceebff978/element/00000000-0000-01ca-ffff-ffff000002a6/clear[39m
[35m[HTTP][39m [90m{"id":"00000000-0000-01ca-ffff-ffff000002a6"}[39m
[35m[HTTP][39m [37m<-- POST /wd/hub/session/ea633538-091f-424b-9925-f8dceebff978/element/00000000-0000-01ca-ffff-ffff000002a6/clear [39m[32m200[39m [90m42 ms - 14[39m
[35m[HTTP][39m [90m[39m
[35m[HTTP][39m [37m-->[39m [37mPOST[39m [37m/wd/hub/session/ea633538-091f-424b-9925-f8dceebff978/element/00000000-0000-01ca-ffff-ffff000002a6/value[39m
[35m[HTTP][39m [90m{"id":"00000000-0000-01ca-ffff-ffff000002a6","text":"70","value":["7","0"]}[39m
[35m[HTTP][39m [37m<-- POST /wd/hub/session/ea633538-091f-424b-9925-f8dceebff978/element/00000000-0000-01ca-ffff-ffff000002a6/value [39m[32m200[39m [90m1060 ms - 14[39m
[35m[HTTP][39m [90m[39m
[35m[HTTP][39m [37m-->[39m [37mGET[39m [37m/wd/hub/session/ea633538-091f-424b-9925-f8dceebff978/source[39m
[35m[HTTP][39m [90m{}[39m
[35m[W3C (ea633538)][39m Driver proxy active, passing request on via HTTP proxy
[35m[WD Proxy][39m Replacing sessionId 629394db-9957-47bc-b2a6-d0d0d5e21fd2 with ea633538-091f-424b-9925-f8dceebff978
[35m[HTTP][39m [37m<-- GET /wd/hub/session/ea633538-091f-424b-9925-f8dceebff978/source [39m[32m200[39m [90m279 ms - 13972[39m
[35m[HTTP][39m [90m[39m
[35m[HTTP][39m [37m-->[39m [37mGET[39m [37m/wd/hub/session/ea633538-091f-424b-9925-f8dceebff978/screenshot[39m
[35m[HTTP][39m [90m{}[39m
[35m[HTTP][39m [37m<-- GET /wd/hub/session/ea633538-091f-424b-9925-f8dceebff978/screenshot [39m[32m200[39m [90m941 ms - 58582[39m
[35m[HTTP][39m [90m[39m
[35m[HTTP][39m [37m-->[39m [37mPOST[39m [37m/wd/hub/session/ea633538-091f-424b-9925-f8dceebff978/elements[39m
[35m[HTTP][39m [90m{"using":"xpath","value":"//*[@class = 'android.widget.EditText' and (@text = 'Height' or . = 'Height') and @resource-id = 'com.fghilmany.dietmealapp:id/et_height']"}[39m
[35m[HTTP][39m [37m<-- POST /wd/hub/session/ea633538-091f-424b-9925-f8dceebff978/elements [39m[32m200[39m [90m245 ms - 139[39m
[35m[HTTP][39m [90m[39m
[35m[HTTP][39m [37m-->[39m [37mGET[39m [37m/wd/hub/session/ea633538-091f-424b-9925-f8dceebff978/window/rect[39m
[35m[HTTP][39m [90m{}[39m
[35m[HTTP][39m [37m<-- GET /wd/hub/session/ea633538-091f-424b-9925-f8dceebff978/window/rect [39m[32m200[39m [90m16 ms - 49[39m
[35m[HTTP][39m [90m[39m
[35m[HTTP][39m [37m-->[39m [37mPOST[39m [37m/wd/hub/session/ea633538-091f-424b-9925-f8dceebff978/elements[39m
[35m[HTTP][39m [90m{"using":"xpath","value":"//*[@class = 'android.widget.EditText' and (@text = 'Height' or . = 'Height') and @resource-id = 'com.fghilmany.dietmealapp:id/et_height']"}[39m
[35m[HTTP][39m [37m<-- POST /wd/hub/session/ea633538-091f-424b-9925-f8dceebff978/elements [39m[32m200[39m [90m166 ms - 139[39m
[35m[HTTP][39m [90m[39m
[35m[HTTP][39m [37m-->[39m [37mGET[39m [37m/wd/hub/session/ea633538-091f-424b-9925-f8dceebff978/element/00000000-0000-01ca-ffff-ffff000002b2/location[39m
[35m[HTTP][39m [90m{}[39m
[35m[W3C (ea633538)][39m Driver proxy active, passing request on via HTTP proxy
[35m[WD Proxy][39m Replacing sessionId 629394db-9957-47bc-b2a6-d0d0d5e21fd2 with ea633538-091f-424b-9925-f8dceebff978
[35m[HTTP][39m [37m<-- GET /wd/hub/session/ea633538-091f-424b-9925-f8dceebff978/element/00000000-0000-01ca-ffff-ffff000002b2/location [39m[32m200[39m [90m29 ms - 77[39m
[35m[HTTP][39m [90m[39m
[35m[HTTP][39m [37m-->[39m [37mPOST[39m [37m/wd/hub/session/ea633538-091f-424b-9925-f8dceebff978/element/00000000-0000-01ca-ffff-ffff000002b2/clear[39m
[35m[HTTP][39m [90m{"id":"00000000-0000-01ca-ffff-ffff000002b2"}[39m
[35m[HTTP][39m [37m<-- POST /wd/hub/session/ea633538-091f-424b-9925-f8dceebff978/element/00000000-0000-01ca-ffff-ffff000002b2/clear [39m[32m200[39m [90m41 ms - 14[39m
[35m[HTTP][39m [90m[39m
[35m[HTTP][39m [37m-->[39m [37mPOST[39m [37m/wd/hub/session/ea633538-091f-424b-9925-f8dceebff978/element/00000000-0000-01ca-ffff-ffff000002b2/value[39m
[35m[HTTP][39m [90m{"id":"00000000-0000-01ca-ffff-ffff000002b2","text":"70","value":["7","0"]}[39m
[35m[HTTP][39m [37m<-- POST /wd/hub/session/ea633538-091f-424b-9925-f8dceebff978/element/00000000-0000-01ca-ffff-ffff000002b2/value [39m[32m200[39m [90m1394 ms - 14[39m
[35m[HTTP][39m [90m[39m
[35m[HTTP][39m [37m-->[39m [37mGET[39m [37m/wd/hub/session/ea633538-091f-424b-9925-f8dceebff978/source[39m
[35m[HTTP][39m [90m{}[39m
[35m[W3C (ea633538)][39m Driver proxy active, passing request on via HTTP proxy
[35m[WD Proxy][39m Replacing sessionId 629394db-9957-47bc-b2a6-d0d0d5e21fd2 with ea633538-091f-424b-9925-f8dceebff978
[35m[HTTP][39m [37m<-- GET /wd/hub/session/ea633538-091f-424b-9925-f8dceebff978/source [39m[32m200[39m [90m263 ms - 14887[39m
[35m[HTTP][39m [90m[39m
[35m[HTTP][39m [37m-->[39m [37mGET[39m [37m/wd/hub/session/ea633538-091f-424b-9925-f8dceebff978/screenshot[39m
[35m[HTTP][39m [90m{}[39m
[35m[HTTP][39m [37m<-- GET /wd/hub/session/ea633538-091f-424b-9925-f8dceebff978/screenshot [39m[32m200[39m [90m880 ms - 58608[39m
[35m[HTTP][39m [90m[39m
[35m[HTTP][39m [37m-->[39m [37mPOST[39m [37m/wd/hub/session/ea633538-091f-424b-9925-f8dceebff978/elements[39m
[35m[HTTP][39m [90m{"using":"xpath","value":"//*[@class = 'android.widget.RadioButton' and (@text = 'Male' or . = 'Male') and @resource-id = 'com.fghilmany.dietmealapp:id/rb_male']"}[39m
[35m[HTTP][39m [37m<-- POST /wd/hub/session/ea633538-091f-424b-9925-f8dceebff978/elements [39m[32m200[39m [90m199 ms - 139[39m
[35m[HTTP][39m [90m[39m
[35m[HTTP][39m [37m-->[39m [37mGET[39m [37m/wd/hub/session/ea633538-091f-424b-9925-f8dceebff978/window/rect[39m
[35m[HTTP][39m [90m{}[39m
[35m[HTTP][39m [37m<-- GET /wd/hub/session/ea633538-091f-424b-9925-f8dceebff978/window/rect [39m[32m200[39m [90m15 ms - 49[39m
[35m[HTTP][39m [90m[39m
[35m[HTTP][39m [37m-->[39m [37mPOST[39m [37m/wd/hub/session/ea633538-091f-424b-9925-f8dceebff978/elements[39m
[35m[HTTP][39m [90m{"using":"xpath","value":"//*[@class = 'android.widget.RadioButton' and (@text = 'Male' or . = 'Male') and @resource-id = 'com.fghilmany.dietmealapp:id/rb_male']"}[39m
[35m[HTTP][39m [37m<-- POST /wd/hub/session/ea633538-091f-424b-9925-f8dceebff978/elements [39m[32m200[39m [90m135 ms - 139[39m
[35m[HTTP][39m [90m[39m
[35m[HTTP][39m [37m-->[39m [37mGET[39m [37m/wd/hub/session/ea633538-091f-424b-9925-f8dceebff978/element/00000000-0000-01ca-ffff-ffff000002bd/location[39m
[35m[HTTP][39m [90m{}[39m
[35m[W3C (ea633538)][39m Driver proxy active, passing request on via HTTP proxy
[35m[WD Proxy][39m Replacing sessionId 629394db-9957-47bc-b2a6-d0d0d5e21fd2 with ea633538-091f-424b-9925-f8dceebff978
[35m[HTTP][39m [37m<-- GET /wd/hub/session/ea633538-091f-424b-9925-f8dceebff978/element/00000000-0000-01ca-ffff-ffff000002bd/location [39m[32m200[39m [90m27 ms - 77[39m
[35m[HTTP][39m [90m[39m
[35m[HTTP][39m [37m-->[39m [37mPOST[39m [37m/wd/hub/session/ea633538-091f-424b-9925-f8dceebff978/element/00000000-0000-01ca-ffff-ffff000002bd/click[39m
[35m[HTTP][39m [90m{"id":"00000000-0000-01ca-ffff-ffff000002bd"}[39m
[35m[HTTP][39m [37m<-- POST /wd/hub/session/ea633538-091f-424b-9925-f8dceebff978/element/00000000-0000-01ca-ffff-ffff000002bd/click [39m[32m200[39m [90m89 ms - 14[39m
[35m[HTTP][39m [90m[39m
[35m[HTTP][39m [37m-->[39m [37mGET[39m [37m/wd/hub/session/ea633538-091f-424b-9925-f8dceebff978/source[39m
[35m[HTTP][39m [90m{}[39m
[35m[W3C (ea633538)][39m Driver proxy active, passing request on via HTTP proxy
[35m[WD Proxy][39m Replacing sessionId 629394db-9957-47bc-b2a6-d0d0d5e21fd2 with ea633538-091f-424b-9925-f8dceebff978
[35m[HTTP][39m [37m<-- GET /wd/hub/session/ea633538-091f-424b-9925-f8dceebff978/source [39m[32m200[39m [90m216 ms - 14886[39m
[35m[HTTP][39m [90m[39m
[35m[HTTP][39m [37m-->[39m [37mGET[39m [37m/wd/hub/session/ea633538-091f-424b-9925-f8dceebff978/screenshot[39m
[35m[HTTP][39m [90m{}[39m
[35m[HTTP][39m [37m<-- GET /wd/hub/session/ea633538-091f-424b-9925-f8dceebff978/screenshot [39m[32m200[39m [90m630 ms - 60524[39m
[35m[HTTP][39m [90m[39m
[35m[HTTP][39m [37m-->[39m [37mPOST[39m [37m/wd/hub/session/ea633538-091f-424b-9925-f8dceebff978/elements[39m
[35m[HTTP][39m [90m{"using":"xpath","value":"//*[@class = 'android.widget.Button' and (@text = 'NEXT' or . = 'NEXT') and @resource-id = 'com.fghilmany.dietmealapp:id/bt_next']"}[39m
[35m[HTTP][39m [37m<-- POST /wd/hub/session/ea633538-091f-424b-9925-f8dceebff978/elements [39m[32m200[39m [90m189 ms - 139[39m
[35m[HTTP][39m [90m[39m
[35m[HTTP][39m [37m-->[39m [37mGET[39m [37m/wd/hub/session/ea633538-091f-424b-9925-f8dceebff978/window/rect[39m
[35m[HTTP][39m [90m{}[39m
[35m[HTTP][39m [37m<-- GET /wd/hub/session/ea633538-091f-424b-9925-f8dceebff978/window/rect [39m[32m200[39m [90m13 ms - 49[39m
[35m[HTTP][39m [90m[39m
[35m[HTTP][39m [37m-->[39m [37mPOST[39m [37m/wd/hub/session/ea633538-091f-424b-9925-f8dceebff978/elements[39m
[35m[HTTP][39m [90m{"using":"xpath","value":"//*[@class = 'android.widget.Button' and (@text = 'NEXT' or . = 'NEXT') and @resource-id = 'com.fghilmany.dietmealapp:id/bt_next']"}[39m
[35m[HTTP][39m [37m<-- POST /wd/hub/session/ea633538-091f-424b-9925-f8dceebff978/elements [39m[32m200[39m [90m153 ms - 139[39m
[35m[HTTP][39m [90m[39m
[35m[HTTP][39m [37m-->[39m [37mGET[39m [37m/wd/hub/session/ea633538-091f-424b-9925-f8dceebff978/element/00000000-0000-01ca-ffff-ffff000002bf/location[39m
[35m[HTTP][39m [90m{}[39m
[35m[W3C (ea633538)][39m Driver proxy active, passing request on via HTTP proxy
[35m[WD Proxy][39m Replacing sessionId 629394db-9957-47bc-b2a6-d0d0d5e21fd2 with ea633538-091f-424b-9925-f8dceebff978
[35m[HTTP][39m [37m<-- GET /wd/hub/session/ea633538-091f-424b-9925-f8dceebff978/element/00000000-0000-01ca-ffff-ffff000002bf/location [39m[32m200[39m [90m24 ms - 78[39m
[35m[HTTP][39m [90m[39m
[35m[HTTP][39m [37m-->[39m [37mPOST[39m [37m/wd/hub/session/ea633538-091f-424b-9925-f8dceebff978/element/00000000-0000-01ca-ffff-ffff000002bf/click[39m
[35m[HTTP][39m [90m{"id":"00000000-0000-01ca-ffff-ffff000002bf"}[39m
[35m[HTTP][39m [37m<-- POST /wd/hub/session/ea633538-091f-424b-9925-f8dceebff978/element/00000000-0000-01ca-ffff-ffff000002bf/click [39m[32m200[39m [90m89 ms - 14[39m
[35m[HTTP][39m [90m[39m
[35m[HTTP][39m [37m-->[39m [37mGET[39m [37m/wd/hub/session/ea633538-091f-424b-9925-f8dceebff978/source[39m
[35m[HTTP][39m [90m{}[39m
[35m[W3C (ea633538)][39m Driver proxy active, passing request on via HTTP proxy
[35m[WD Proxy][39m Replacing sessionId 629394db-9957-47bc-b2a6-d0d0d5e21fd2 with ea633538-091f-424b-9925-f8dceebff978
[35m[HTTP][39m [37m<-- GET /wd/hub/session/ea633538-091f-424b-9925-f8dceebff978/source [39m[32m200[39m [90m538 ms - 30560[39m
[35m[HTTP][39m [90m[39m
[35m[HTTP][39m [37m-->[39m [37mGET[39m [37m/wd/hub/session/ea633538-091f-424b-9925-f8dceebff978/screenshot[39m
[35m[HTTP][39m [90m{}[39m
[35m[HTTP][39m [37m<-- GET /wd/hub/session/ea633538-091f-424b-9925-f8dceebff978/screenshot [39m[32m200[39m [90m602 ms - 121528[39m
[35m[HTTP][39m [90m[39m
[35m[HTTP][39m [37m-->[39m [37mGET[39m [37m/wd/hub/session/ea633538-091f-424b-9925-f8dceebff978/source[39m
[35m[HTTP][39m [90m{}[39m
[35m[W3C (ea633538)][39m Driver proxy active, passing request on via HTTP proxy
[35m[WD Proxy][39m Replacing sessionId 629394db-9957-47bc-b2a6-d0d0d5e21fd2 with ea633538-091f-424b-9925-f8dceebff978
[35m[HTTP][39m [37m<-- GET /wd/hub/session/ea633538-091f-424b-9925-f8dceebff978/source [39m[32m200[39m [90m205 ms - 12559[39m
[35m[HTTP][39m [90m[39m
[35m[HTTP][39m [37m-->[39m [37mGET[39m [37m/wd/hub/session/ea633538-091f-424b-9925-f8dceebff978/screenshot[39m
[35m[HTTP][39m [90m{}[39m
[35m[HTTP][39m [37m<-- GET /wd/hub/session/ea633538-091f-424b-9925-f8dceebff978/screenshot [39m[32m200[39m [90m844 ms - 58624[39m
[35m[HTTP][39m [90m[39m
[35m[HTTP][39m [37m-->[39m [37mPOST[39m [37m/wd/hub/session/ea633538-091f-424b-9925-f8dceebff978/elements[39m
[35m[HTTP][39m [90m{"using":"xpath","value":"//*[@class = 'android.widget.EditText' and (@text = 'Name' or . = 'Name') and @resource-id = 'com.fghilmany.dietmealapp:id/et_name']"}[39m
[35m[HTTP][39m [37m<-- POST /wd/hub/session/ea633538-091f-424b-9925-f8dceebff978/elements [39m[32m200[39m [90m233 ms - 139[39m
[35m[HTTP][39m [90m[39m
[35m[HTTP][39m [37m-->[39m [37mGET[39m [37m/wd/hub/session/ea633538-091f-424b-9925-f8dceebff978/window/rect[39m
[35m[HTTP][39m [90m{}[39m
[35m[HTTP][39m [37m<-- GET /wd/hub/session/ea633538-091f-424b-9925-f8dceebff978/window/rect [39m[32m200[39m [90m13 ms - 49[39m
[35m[HTTP][39m [90m[39m
[35m[HTTP][39m [37m-->[39m [37mPOST[39m [37m/wd/hub/session/ea633538-091f-424b-9925-f8dceebff978/elements[39m
[35m[HTTP][39m [90m{"using":"xpath","value":"//*[@class = 'android.widget.EditText' and (@text = 'Name' or . = 'Name') and @resource-id = 'com.fghilmany.dietmealapp:id/et_name']"}[39m
[35m[HTTP][39m [37m<-- POST /wd/hub/session/ea633538-091f-424b-9925-f8dceebff978/elements [39m[32m200[39m [90m135 ms - 139[39m
[35m[HTTP][39m [90m[39m
[35m[HTTP][39m [37m-->[39m [37mGET[39m [37m/wd/hub/session/ea633538-091f-424b-9925-f8dceebff978/element/00000000-0000-01d7-ffff-ffff00000017/location[39m
[35m[HTTP][39m [90m{}[39m
[35m[W3C (ea633538)][39m Driver proxy active, passing request on via HTTP proxy
[35m[WD Proxy][39m Replacing sessionId 629394db-9957-47bc-b2a6-d0d0d5e21fd2 with ea633538-091f-424b-9925-f8dceebff978
[35m[HTTP][39m [37m<-- GET /wd/hub/session/ea633538-091f-424b-9925-f8dceebff978/element/00000000-0000-01d7-ffff-ffff00000017/location [39m[32m200[39m [90m24 ms - 77[39m
[35m[HTTP][39m [90m[39m
[35m[HTTP][39m [37m-->[39m [37mPOST[39m [37m/wd/hub/session/ea633538-091f-424b-9925-f8dceebff978/element/00000000-0000-01d7-ffff-ffff00000017/clear[39m
[35m[HTTP][39m [90m{"id":"00000000-0000-01d7-ffff-ffff00000017"}[39m
[35m[HTTP][39m [37m<-- POST /wd/hub/session/ea633538-091f-424b-9925-f8dceebff978/element/00000000-0000-01d7-ffff-ffff00000017/clear [39m[32m200[39m [90m48 ms - 14[39m
[35m[HTTP][39m [90m[39m
[35m[HTTP][39m [37m-->[39m [37mPOST[39m [37m/wd/hub/session/ea633538-091f-424b-9925-f8dceebff978/element/00000000-0000-01d7-ffff-ffff00000017/value[39m
[35m[HTTP][39m [90m{"id":"00000000-0000-01d7-ffff-ffff00000017","text":"angga","value":["a","n","g","g","a"]}[39m
[35m[HTTP][39m [37m<-- POST /wd/hub/session/ea633538-091f-424b-9925-f8dceebff978/element/00000000-0000-01d7-ffff-ffff00000017/value [39m[32m200[39m [90m1079 ms - 14[39m
[35m[HTTP][39m [90m[39m
[35m[HTTP][39m [37m-->[39m [37mGET[39m [37m/wd/hub/session/ea633538-091f-424b-9925-f8dceebff978/source[39m
[35m[HTTP][39m [90m{}[39m
[35m[W3C (ea633538)][39m Driver proxy active, passing request on via HTTP proxy
[35m[WD Proxy][39m Replacing sessionId 629394db-9957-47bc-b2a6-d0d0d5e21fd2 with ea633538-091f-424b-9925-f8dceebff978
[35m[HTTP][39m [37m<-- GET /wd/hub/session/ea633538-091f-424b-9925-f8dceebff978/source [39m[32m200[39m [90m212 ms - 12560[39m
[35m[HTTP][39m [90m[39m
[35m[HTTP][39m [37m-->[39m [37mGET[39m [37m/wd/hub/session/ea633538-091f-424b-9925-f8dceebff978/screenshot[39m
[35m[HTTP][39m [90m{}[39m
[35m[HTTP][39m [37m<-- GET /wd/hub/session/ea633538-091f-424b-9925-f8dceebff978/screenshot [39m[32m200[39m [90m681 ms - 58608[39m
[35m[HTTP][39m [90m[39m
[35m[HTTP][39m [37m-->[39m [37mPOST[39m [37m/wd/hub/session/ea633538-091f-424b-9925-f8dceebff978/elements[39m
[35m[HTTP][39m [90m{"using":"xpath","value":"//*[@class = 'android.widget.EditText' and (@text = 'Weight' or . = 'Weight') and @resource-id = 'com.fghilmany.dietmealapp:id/et_weight']"}[39m
[35m[HTTP][39m [37m<-- POST /wd/hub/session/ea633538-091f-424b-9925-f8dceebff978/elements [39m[32m200[39m [90m210 ms - 139[39m
[35m[HTTP][39m [90m[39m
[35m[HTTP][39m [37m-->[39m [37mGET[39m [37m/wd/hub/session/ea633538-091f-424b-9925-f8dceebff978/window/rect[39m
[35m[HTTP][39m [90m{}[39m
[35m[HTTP][39m [37m<-- GET /wd/hub/session/ea633538-091f-424b-9925-f8dceebff978/window/rect [39m[32m200[39m [90m13 ms - 49[39m
[35m[HTTP][39m [90m[39m
[35m[HTTP][39m [37m-->[39m [37mPOST[39m [37m/wd/hub/session/ea633538-091f-424b-9925-f8dceebff978/elements[39m
[35m[HTTP][39m [90m{"using":"xpath","value":"//*[@class = 'android.widget.EditText' and (@text = 'Weight' or . = 'Weight') and @resource-id = 'com.fghilmany.dietmealapp:id/et_weight']"}[39m
[35m[HTTP][39m [37m<-- POST /wd/hub/session/ea633538-091f-424b-9925-f8dceebff978/elements [39m[32m200[39m [90m126 ms - 139[39m
[35m[HTTP][39m [90m[39m
[35m[HTTP][39m [37m-->[39m [37mGET[39m [37m/wd/hub/session/ea633538-091f-424b-9925-f8dceebff978/element/00000000-0000-01d7-ffff-ffff00000023/location[39m
[35m[HTTP][39m [90m{}[39m
[35m[W3C (ea633538)][39m Driver proxy active, passing request on via HTTP proxy
[35m[WD Proxy][39m Replacing sessionId 629394db-9957-47bc-b2a6-d0d0d5e21fd2 with ea633538-091f-424b-9925-f8dceebff978
[35m[HTTP][39m [37m<-- GET /wd/hub/session/ea633538-091f-424b-9925-f8dceebff978/element/00000000-0000-01d7-ffff-ffff00000023/location [39m[32m200[39m [90m28 ms - 77[39m
[35m[HTTP][39m [90m[39m
[35m[HTTP][39m [37m-->[39m [37mPOST[39m [37m/wd/hub/session/ea633538-091f-424b-9925-f8dceebff978/element/00000000-0000-01d7-ffff-ffff00000023/clear[39m
[35m[HTTP][39m [90m{"id":"00000000-0000-01d7-ffff-ffff00000023"}[39m
[35m[HTTP][39m [37m<-- POST /wd/hub/session/ea633538-091f-424b-9925-f8dceebff978/element/00000000-0000-01d7-ffff-ffff00000023/clear [39m[32m200[39m [90m36 ms - 14[39m
[35m[HTTP][39m [90m[39m
[35m[HTTP][39m [37m-->[39m [37mPOST[39m [37m/wd/hub/session/ea633538-091f-424b-9925-f8dceebff978/element/00000000-0000-01d7-ffff-ffff00000023/value[39m
[35m[HTTP][39m [90m{"id":"00000000-0000-01d7-ffff-ffff00000023","text":"70","value":["7","0"]}[39m
[35m[HTTP][39m [37m<-- POST /wd/hub/session/ea633538-091f-424b-9925-f8dceebff978/element/00000000-0000-01d7-ffff-ffff00000023/value [39m[32m200[39m [90m1063 ms - 14[39m
[35m[HTTP][39m [90m[39m
[35m[HTTP][39m [37m-->[39m [37mGET[39m [37m/wd/hub/session/ea633538-091f-424b-9925-f8dceebff978/source[39m
[35m[HTTP][39m [90m{}[39m
[35m[W3C (ea633538)][39m Driver proxy active, passing request on via HTTP proxy
[35m[WD Proxy][39m Replacing sessionId 629394db-9957-47bc-b2a6-d0d0d5e21fd2 with ea633538-091f-424b-9925-f8dceebff978
[35m[HTTP][39m [37m<-- GET /wd/hub/session/ea633538-091f-424b-9925-f8dceebff978/source [39m[32m200[39m [90m237 ms - 13475[39m
[35m[HTTP][39m [90m[39m
[35m[HTTP][39m [37m-->[39m [37mGET[39m [37m/wd/hub/session/ea633538-091f-424b-9925-f8dceebff978/screenshot[39m
[35m[HTTP][39m [90m{}[39m
[35m[HTTP][39m [37m<-- GET /wd/hub/session/ea633538-091f-424b-9925-f8dceebff978/screenshot [39m[32m200[39m [90m561 ms - 58624[39m
[35m[HTTP][39m [90m[39m
[35m[HTTP][39m [37m-->[39m [37mPOST[39m [37m/wd/hub/session/ea633538-091f-424b-9925-f8dceebff978/elements[39m
[35m[HTTP][39m [90m{"using":"xpath","value":"//*[@class = 'android.widget.EditText' and (@text = 'Height' or . = 'Height') and @resource-id = 'com.fghilmany.dietmealapp:id/et_height']"}[39m
[35m[HTTP][39m [37m<-- POST /wd/hub/session/ea633538-091f-424b-9925-f8dceebff978/elements [39m[32m200[39m [90m273 ms - 139[39m
[35m[HTTP][39m [90m[39m
[35m[HTTP][39m [37m-->[39m [37mGET[39m [37m/wd/hub/session/ea633538-091f-424b-9925-f8dceebff978/window/rect[39m
[35m[HTTP][39m [90m{}[39m
[35m[HTTP][39m [37m<-- GET /wd/hub/session/ea633538-091f-424b-9925-f8dceebff978/window/rect [39m[32m200[39m [90m15 ms - 49[39m
[35m[HTTP][39m [90m[39m
[35m[HTTP][39m [37m-->[39m [37mPOST[39m [37m/wd/hub/session/ea633538-091f-424b-9925-f8dceebff978/elements[39m
[35m[HTTP][39m [90m{"using":"xpath","value":"//*[@class = 'android.widget.EditText' and (@text = 'Height' or . = 'Height') and @resource-id = 'com.fghilmany.dietmealapp:id/et_height']"}[39m
[35m[HTTP][39m [37m<-- POST /wd/hub/session/ea633538-091f-424b-9925-f8dceebff978/elements [39m[32m200[39m [90m143 ms - 139[39m
[35m[HTTP][39m [90m[39m
[35m[HTTP][39m [37m-->[39m [37mGET[39m [37m/wd/hub/session/ea633538-091f-424b-9925-f8dceebff978/element/00000000-0000-01d7-ffff-ffff0000002f/location[39m
[35m[HTTP][39m [90m{}[39m
[35m[W3C (ea633538)][39m Driver proxy active, passing request on via HTTP proxy
[35m[WD Proxy][39m Replacing sessionId 629394db-9957-47bc-b2a6-d0d0d5e21fd2 with ea633538-091f-424b-9925-f8dceebff978
[35m[HTTP][39m [37m<-- GET /wd/hub/session/ea633538-091f-424b-9925-f8dceebff978/element/00000000-0000-01d7-ffff-ffff0000002f/location [39m[32m200[39m [90m39 ms - 77[39m
[35m[HTTP][39m [90m[39m
[35m[HTTP][39m [37m-->[39m [37mPOST[39m [37m/wd/hub/session/ea633538-091f-424b-9925-f8dceebff978/element/00000000-0000-01d7-ffff-ffff0000002f/clear[39m
[35m[HTTP][39m [90m{"id":"00000000-0000-01d7-ffff-ffff0000002f"}[39m
[35m[HTTP][39m [37m<-- POST /wd/hub/session/ea633538-091f-424b-9925-f8dceebff978/element/00000000-0000-01d7-ffff-ffff0000002f/clear [39m[32m200[39m [90m46 ms - 14[39m
[35m[HTTP][39m [90m[39m
[35m[HTTP][39m [37m-->[39m [37mPOST[39m [37m/wd/hub/session/ea633538-091f-424b-9925-f8dceebff978/element/00000000-0000-01d7-ffff-ffff0000002f/value[39m
[35m[HTTP][39m [90m{"id":"00000000-0000-01d7-ffff-ffff0000002f","text":"70","value":["7","0"]}[39m
[35m[HTTP][39m [37m<-- POST /wd/hub/session/ea633538-091f-424b-9925-f8dceebff978/element/00000000-0000-01d7-ffff-ffff0000002f/value [39m[32m200[39m [90m1066 ms - 14[39m
[35m[HTTP][39m [90m[39m
[35m[HTTP][39m [37m-->[39m [37mGET[39m [37m/wd/hub/session/ea633538-091f-424b-9925-f8dceebff978/source[39m
[35m[HTTP][39m [90m{}[39m
[35m[W3C (ea633538)][39m Driver proxy active, passing request on via HTTP proxy
[35m[WD Proxy][39m Replacing sessionId 629394db-9957-47bc-b2a6-d0d0d5e21fd2 with ea633538-091f-424b-9925-f8dceebff978
[35m[HTTP][39m [37m<-- GET /wd/hub/session/ea633538-091f-424b-9925-f8dceebff978/source [39m[32m200[39m [90m313 ms - 14390[39m
[35m[HTTP][39m [90m[39m
[35m[HTTP][39m [37m-->[39m [37mGET[39m [37m/wd/hub/session/ea633538-091f-424b-9925-f8dceebff978/screenshot[39m
[35m[HTTP][39m [90m{}[39m
[35m[HTTP][39m [37m<-- GET /wd/hub/session/ea633538-091f-424b-9925-f8dceebff978/screenshot [39m[32m200[39m [90m544 ms - 59198[39m
[35m[HTTP][39m [90m[39m
[35m[HTTP][39m [37m-->[39m [37mPOST[39m [37m/wd/hub/session/ea633538-091f-424b-9925-f8dceebff978/elements[39m
[35m[HTTP][39m [90m{"using":"xpath","value":"//*[@class = 'android.widget.RadioButton' and (@text = 'Male' or . = 'Male') and @resource-id = 'com.fghilmany.dietmealapp:id/rb_male']"}[39m
[35m[HTTP][39m [37m<-- POST /wd/hub/session/ea633538-091f-424b-9925-f8dceebff978/elements [39m[32m200[39m [90m199 ms - 139[39m
[35m[HTTP][39m [90m[39m
[35m[HTTP][39m [37m-->[39m [37mGET[39m [37m/wd/hub/session/ea633538-091f-424b-9925-f8dceebff978/window/rect[39m
[35m[HTTP][39m [90m{}[39m
[35m[HTTP][39m [37m<-- GET /wd/hub/session/ea633538-091f-424b-9925-f8dceebff978/window/rect [39m[32m200[39m [90m14 ms - 49[39m
[35m[HTTP][39m [90m[39m
[35m[HTTP][39m [37m-->[39m [37mPOST[39m [37m/wd/hub/session/ea633538-091f-424b-9925-f8dceebff978/elements[39m
[35m[HTTP][39m [90m{"using":"xpath","value":"//*[@class = 'android.widget.RadioButton' and (@text = 'Male' or . = 'Male') and @resource-id = 'com.fghilmany.dietmealapp:id/rb_male']"}[39m
[35m[HTTP][39m [37m<-- POST /wd/hub/session/ea633538-091f-424b-9925-f8dceebff978/elements [39m[32m200[39m [90m116 ms - 139[39m
[35m[HTTP][39m [90m[39m
[35m[HTTP][39m [37m-->[39m [37mGET[39m [37m/wd/hub/session/ea633538-091f-424b-9925-f8dceebff978/element/00000000-0000-01d7-ffff-ffff0000003a/location[39m
[35m[HTTP][39m [90m{}[39m
[35m[W3C (ea633538)][39m Driver proxy active, passing request on via HTTP proxy
[35m[WD Proxy][39m Replacing sessionId 629394db-9957-47bc-b2a6-d0d0d5e21fd2 with ea633538-091f-424b-9925-f8dceebff978
[35m[HTTP][39m [37m<-- GET /wd/hub/session/ea633538-091f-424b-9925-f8dceebff978/element/00000000-0000-01d7-ffff-ffff0000003a/location [39m[32m200[39m [90m26 ms - 77[39m
[35m[HTTP][39m [90m[39m
[35m[HTTP][39m [37m-->[39m [37mPOST[39m [37m/wd/hub/session/ea633538-091f-424b-9925-f8dceebff978/element/00000000-0000-01d7-ffff-ffff0000003a/click[39m
[35m[HTTP][39m [90m{"id":"00000000-0000-01d7-ffff-ffff0000003a"}[39m
[35m[HTTP][39m [37m<-- POST /wd/hub/session/ea633538-091f-424b-9925-f8dceebff978/element/00000000-0000-01d7-ffff-ffff0000003a/click [39m[32m200[39m [90m99 ms - 14[39m
[35m[HTTP][39m [90m[39m
[35m[HTTP][39m [37m-->[39m [37mGET[39m [37m/wd/hub/session/ea633538-091f-424b-9925-f8dceebff978/source[39m
[35m[HTTP][39m [90m{}[39m
[35m[W3C (ea633538)][39m Driver proxy active, passing request on via HTTP proxy
[35m[WD Proxy][39m Replacing sessionId 629394db-9957-47bc-b2a6-d0d0d5e21fd2 with ea633538-091f-424b-9925-f8dceebff978
[35m[HTTP][39m [37m<-- GET /wd/hub/session/ea633538-091f-424b-9925-f8dceebff978/source [39m[32m200[39m [90m208 ms - 14389[39m
[35m[HTTP][39m [90m[39m
[35m[HTTP][39m [37m-->[39m [37mGET[39m [37m/wd/hub/session/ea633538-091f-424b-9925-f8dceebff978/screenshot[39m
[35m[HTTP][39m [90m{}[39m
[35m[HTTP][39m [37m<-- GET /wd/hub/session/ea633538-091f-424b-9925-f8dceebff978/screenshot [39m[32m200[39m [90m689 ms - 61112[39m
[35m[HTTP][39m [90m[39m
[35m[HTTP][39m [37m-->[39m [37mPOST[39m [37m/wd/hub/session/ea633538-091f-424b-9925-f8dceebff978/elements[39m
[35m[HTTP][39m [90m{"using":"xpath","value":"//*[@class = 'android.widget.Button' and (@text = 'NEXT' or . = 'NEXT') and @resource-id = 'com.fghilmany.dietmealapp:id/bt_next']"}[39m
[35m[HTTP][39m [37m<-- POST /wd/hub/session/ea633538-091f-424b-9925-f8dceebff978/elements [39m[32m200[39m [90m203 ms - 139[39m
[35m[HTTP][39m [90m[39m
[35m[HTTP][39m [37m-->[39m [37mGET[39m [37m/wd/hub/session/ea633538-091f-424b-9925-f8dceebff978/window/rect[39m
[35m[HTTP][39m [90m{}[39m
[35m[HTTP][39m [37m<-- GET /wd/hub/session/ea633538-091f-424b-9925-f8dceebff978/window/rect [39m[32m200[39m [90m14 ms - 49[39m
[35m[HTTP][39m [90m[39m
[35m[HTTP][39m [37m-->[39m [37mPOST[39m [37m/wd/hub/session/ea633538-091f-424b-9925-f8dceebff978/elements[39m
[35m[HTTP][39m [90m{"using":"xpath","value":"//*[@class = 'android.widget.Button' and (@text = 'NEXT' or . = 'NEXT') and @resource-id = 'com.fghilmany.dietmealapp:id/bt_next']"}[39m
[35m[HTTP][39m [37m<-- POST /wd/hub/session/ea633538-091f-424b-9925-f8dceebff978/elements [39m[32m200[39m [90m112 ms - 139[39m
[35m[HTTP][39m [90m[39m
[35m[HTTP][39m [37m-->[39m [37mGET[39m [37m/wd/hub/session/ea633538-091f-424b-9925-f8dceebff978/element/00000000-0000-01d7-ffff-ffff0000003c/location[39m
[35m[HTTP][39m [90m{}[39m
[35m[W3C (ea633538)][39m Driver proxy active, passing request on via HTTP proxy
[35m[WD Proxy][39m Replacing sessionId 629394db-9957-47bc-b2a6-d0d0d5e21fd2 with ea633538-091f-424b-9925-f8dceebff978
[35m[HTTP][39m [37m<-- GET /wd/hub/session/ea633538-091f-424b-9925-f8dceebff978/element/00000000-0000-01d7-ffff-ffff0000003c/location [39m[32m200[39m [90m29 ms - 78[39m
[35m[HTTP][39m [90m[39m
[35m[HTTP][39m [37m-->[39m [37mPOST[39m [37m/wd/hub/session/ea633538-091f-424b-9925-f8dceebff978/element/00000000-0000-01d7-ffff-ffff0000003c/click[39m
[35m[HTTP][39m [90m{"id":"00000000-0000-01d7-ffff-ffff0000003c"}[39m
[35m[HTTP][39m [37m<-- POST /wd/hub/session/ea633538-091f-424b-9925-f8dceebff978/element/00000000-0000-01d7-ffff-ffff0000003c/click [39m[32m200[39m [90m95 ms - 14[39m
[35m[HTTP][39m [90m[39m
[35m[HTTP][39m [37m-->[39m [37mGET[39m [37m/wd/hub/session/ea633538-091f-424b-9925-f8dceebff978/source[39m
[35m[HTTP][39m [90m{}[39m
[35m[W3C (ea633538)][39m Driver proxy active, passing request on via HTTP proxy
[35m[WD Proxy][39m Replacing sessionId 629394db-9957-47bc-b2a6-d0d0d5e21fd2 with ea633538-091f-424b-9925-f8dceebff978
[35m[HTTP][39m [37m<-- GET /wd/hub/session/ea633538-091f-424b-9925-f8dceebff978/source [39m[32m200[39m [90m422 ms - 10407[39m
[35m[HTTP][39m [90m[39m
[35m[HTTP][39m [37m-->[39m [37mGET[39m [37m/wd/hub/session/ea633538-091f-424b-9925-f8dceebff978/screenshot[39m
[35m[HTTP][39m [90m{}[39m
[35m[HTTP][39m [37m<-- GET /wd/hub/session/ea633538-091f-424b-9925-f8dceebff978/screenshot [39m[32m200[39m [90m791 ms - 107588[39m
[35m[HTTP][39m [90m[39m
[35m[HTTP][39m [37m-->[39m [37mPOST[39m [37m/wd/hub/session/ea633538-091f-424b-9925-f8dceebff978/elements[39m
[35m[HTTP][39m [90m{"using":"xpath","value":"//*[@class = 'android.widget.RadioButton' and (@text = 'Tidur, Rebahan, Duduk, dsj.' or . = 'Tidur, Rebahan, Duduk, dsj.') and @resource-id = 'com.fghilmany.dietmealapp:id/rb_rest']"}[39m
[35m[HTTP][39m [37m<-- POST /wd/hub/session/ea633538-091f-424b-9925-f8dceebff978/elements [39m[32m200[39m [90m136 ms - 139[39m
[35m[HTTP][39m [90m[39m
[35m[HTTP][39m [37m-->[39m [37mGET[39m [37m/wd/hub/session/ea633538-091f-424b-9925-f8dceebff978/window/rect[39m
[35m[HTTP][39m [90m{}[39m
[35m[HTTP][39m [37m<-- GET /wd/hub/session/ea633538-091f-424b-9925-f8dceebff978/window/rect [39m[32m200[39m [90m16 ms - 49[39m
[35m[HTTP][39m [90m[39m
[35m[HTTP][39m [37m-->[39m [37mPOST[39m [37m/wd/hub/session/ea633538-091f-424b-9925-f8dceebff978/elements[39m
[35m[HTTP][39m [90m{"using":"xpath","value":"//*[@class = 'android.widget.RadioButton' and (@text = 'Tidur, Rebahan, Duduk, dsj.' or . = 'Tidur, Rebahan, Duduk, dsj.') and @resource-id = 'com.fghilmany.dietmealapp:id/rb_rest']"}[39m
[35m[HTTP][39m [37m<-- POST /wd/hub/session/ea633538-091f-424b-9925-f8dceebff978/elements [39m[32m200[39m [90m100 ms - 139[39m
[35m[HTTP][39m [90m[39m
[35m[HTTP][39m [37m-->[39m [37mGET[39m [37m/wd/hub/session/ea633538-091f-424b-9925-f8dceebff978/element/00000000-0000-01d7-ffff-ffff00000041/location[39m
[35m[HTTP][39m [90m{}[39m
[35m[W3C (ea633538)][39m Driver proxy active, passing request on via HTTP proxy
[35m[WD Proxy][39m Replacing sessionId 629394db-9957-47bc-b2a6-d0d0d5e21fd2 with ea633538-091f-424b-9925-f8dceebff978
[35m[HTTP][39m [37m<-- GET /wd/hub/session/ea633538-091f-424b-9925-f8dceebff978/element/00000000-0000-01d7-ffff-ffff00000041/location [39m[32m200[39m [90m32 ms - 77[39m
[35m[HTTP][39m [90m[39m
[35m[HTTP][39m [37m-->[39m [37mPOST[39m [37m/wd/hub/session/ea633538-091f-424b-9925-f8dceebff978/element/00000000-0000-01d7-ffff-ffff00000041/click[39m
[35m[HTTP][39m [90m{"id":"00000000-0000-01d7-ffff-ffff00000041"}[39m
[35m[HTTP][39m [37m<-- POST /wd/hub/session/ea633538-091f-424b-9925-f8dceebff978/element/00000000-0000-01d7-ffff-ffff00000041/click [39m[32m200[39m [90m79 ms - 14[39m
[35m[HTTP][39m [90m[39m
[35m[HTTP][39m [37m-->[39m [37mGET[39m [37m/wd/hub/session/ea633538-091f-424b-9925-f8dceebff978/source[39m
[35m[HTTP][39m [90m{}[39m
[35m[W3C (ea633538)][39m Driver proxy active, passing request on via HTTP proxy
[35m[WD Proxy][39m Replacing sessionId 629394db-9957-47bc-b2a6-d0d0d5e21fd2 with ea633538-091f-424b-9925-f8dceebff978
[35m[HTTP][39m [37m<-- GET /wd/hub/session/ea633538-091f-424b-9925-f8dceebff978/source [39m[32m200[39m [90m179 ms - 10406[39m
[35m[HTTP][39m [90m[39m
[35m[HTTP][39m [37m-->[39m [37mGET[39m [37m/wd/hub/session/ea633538-091f-424b-9925-f8dceebff978/screenshot[39m
[35m[HTTP][39m [90m{}[39m
[35m[HTTP][39m [37m<-- GET /wd/hub/session/ea633538-091f-424b-9925-f8dceebff978/screenshot [39m[32m200[39m [90m704 ms - 108294[39m
[35m[HTTP][39m [90m[39m
[35m[HTTP][39m [37m-->[39m [37mPOST[39m [37m/wd/hub/session/ea633538-091f-424b-9925-f8dceebff978/elements[39m
[35m[HTTP][39m [90m{"using":"xpath","value":"//*[@class = 'android.widget.Button' and (@text = 'SELESAI' or . = 'SELESAI') and @resource-id = 'com.fghilmany.dietmealapp:id/bt_finish']"}[39m
[35m[HTTP][39m [37m<-- POST /wd/hub/session/ea633538-091f-424b-9925-f8dceebff978/elements [39m[32m200[39m [90m179 ms - 139[39m
[35m[HTTP][39m [90m[39m
[35m[HTTP][39m [37m-->[39m [37mGET[39m [37m/wd/hub/session/ea633538-091f-424b-9925-f8dceebff978/window/rect[39m
[35m[HTTP][39m [90m{}[39m
[35m[HTTP][39m [37m<-- GET /wd/hub/session/ea633538-091f-424b-9925-f8dceebff978/window/rect [39m[32m200[39m [90m15 ms - 49[39m
[35m[HTTP][39m [90m[39m
[35m[HTTP][39m [37m-->[39m [37mPOST[39m [37m/wd/hub/session/ea633538-091f-424b-9925-f8dceebff978/elements[39m
[35m[HTTP][39m [90m{"using":"xpath","value":"//*[@class = 'android.widget.Button' and (@text = 'SELESAI' or . = 'SELESAI') and @resource-id = 'com.fghilmany.dietmealapp:id/bt_finish']"}[39m
[35m[HTTP][39m [37m<-- POST /wd/hub/session/ea633538-091f-424b-9925-f8dceebff978/elements [39m[32m200[39m [90m99 ms - 139[39m
[35m[HTTP][39m [90m[39m
[35m[HTTP][39m [37m-->[39m [37mGET[39m [37m/wd/hub/session/ea633538-091f-424b-9925-f8dceebff978/element/00000000-0000-01d7-ffff-ffff00000048/location[39m
[35m[HTTP][39m [90m{}[39m
[35m[W3C (ea633538)][39m Driver proxy active, passing request on via HTTP proxy
[35m[WD Proxy][39m Replacing sessionId 629394db-9957-47bc-b2a6-d0d0d5e21fd2 with ea633538-091f-424b-9925-f8dceebff978
[35m[HTTP][39m [37m<-- GET /wd/hub/session/ea633538-091f-424b-9925-f8dceebff978/element/00000000-0000-01d7-ffff-ffff00000048/location [39m[32m200[39m [90m40 ms - 78[39m
[35m[HTTP][39m [90m[39m
[35m[HTTP][39m [37m-->[39m [37mPOST[39m [37m/wd/hub/session/ea633538-091f-424b-9925-f8dceebff978/element/00000000-0000-01d7-ffff-ffff00000048/click[39m
[35m[HTTP][39m [90m{"id":"00000000-0000-01d7-ffff-ffff00000048"}[39m
[35m[HTTP][39m [37m<-- POST /wd/hub/session/ea633538-091f-424b-9925-f8dceebff978/element/00000000-0000-01d7-ffff-ffff00000048/click [39m[32m200[39m [90m84 ms - 14[39m
[35m[HTTP][39m [90m[39m
[35m[HTTP][39m [37m-->[39m [37mGET[39m [37m/wd/hub/session/ea633538-091f-424b-9925-f8dceebff978/source[39m
[35m[HTTP][39m [90m{}[39m
[35m[W3C (ea633538)][39m Driver proxy active, passing request on via HTTP proxy
[35m[WD Proxy][39m Replacing sessionId 629394db-9957-47bc-b2a6-d0d0d5e21fd2 with ea633538-091f-424b-9925-f8dceebff978
[35m[HTTP][39m [37m<-- GET /wd/hub/session/ea633538-091f-424b-9925-f8dceebff978/source [39m[32m200[39m [90m759 ms - 10406[39m
[35m[HTTP][39m [90m[39m
[35m[HTTP][39m [37m-->[39m [37mGET[39m [37m/wd/hub/session/ea633538-091f-424b-9925-f8dceebff978/screenshot[39m
[35m[HTTP][39m [90m{}[39m
[35m[HTTP][39m [37m<-- GET /wd/hub/session/ea633538-091f-424b-9925-f8dceebff978/screenshot [39m[32m200[39m [90m739 ms - 287682[39m
[35m[HTTP][39m [90m[39m
[35m[HTTP][39m [37m-->[39m [37mDELETE[39m [37m/wd/hub/session/ea633538-091f-424b-9925-f8dceebff978[39m
[35m[HTTP][39m [90m{}[39m
[35m[Appium][39m Removing session ea633538-091f-424b-9925-f8dceebff978 from our master session list
[35m[UiAutomator2][39m Restoring hidden api policy to the device default configuration
[35m[HTTP][39m [37m<-- DELETE /wd/hub/session/ea633538-091f-424b-9925-f8dceebff978 [39m[32m200[39m [90m438 ms - 14[39m
[35m[HTTP][39m [90m[39m
